c:\users\賢\documents\github\nkchackathon_5\game\debug\vc120.pdb
c:\users\賢\documents\github\nkchackathon_5\game\debug\vc120.idb
c:\users\賢\documents\github\nkchackathon_5\game\debug\objbase.obj
c:\users\賢\documents\github\nkchackathon_5\game\debug\main.obj
c:\users\賢\documents\github\nkchackathon_5\game\debug\ship.obj
c:\users\賢\documents\github\nkchackathon_5\game\debug\light.obj
c:\users\賢\documents\github\nkchackathon_5\debug\game.ilk
c:\users\賢\documents\github\nkchackathon_5\debug\game.exe
c:\users\賢\documents\github\nkchackathon_5\debug\game.pdb
c:\users\賢\documents\github\nkchackathon_5\game\debug\rc.res
c:\users\賢\documents\github\nkchackathon_5\game\debug\game.tlog\cl.command.1.tlog
c:\users\賢\documents\github\nkchackathon_5\game\debug\game.tlog\cl.read.1.tlog
c:\users\賢\documents\github\nkchackathon_5\game\debug\game.tlog\cl.write.1.tlog
c:\users\賢\documents\github\nkchackathon_5\game\debug\game.tlog\link-cvtres.read.1.tlog
c:\users\賢\documents\github\nkchackathon_5\game\debug\game.tlog\link-cvtres.write.1.tlog
c:\users\賢\documents\github\nkchackathon_5\game\debug\game.tlog\link-rc.read.1.tlog
c:\users\賢\documents\github\nkchackathon_5\game\debug\game.tlog\link-rc.write.1.tlog
c:\users\賢\documents\github\nkchackathon_5\game\debug\game.tlog\link.6748-cvtres.read.1.tlog
c:\users\賢\documents\github\nkchackathon_5\game\debug\game.tlog\link.6748-cvtres.write.1.tlog
c:\users\賢\documents\github\nkchackathon_5\game\debug\game.tlog\link.6748-rc.read.1.tlog
c:\users\賢\documents\github\nkchackathon_5\game\debug\game.tlog\link.6748-rc.write.1.tlog
c:\users\賢\documents\github\nkchackathon_5\game\debug\game.tlog\link.6748.read.1.tlog
c:\users\賢\documents\github\nkchackathon_5\game\debug\game.tlog\link.6748.write.1.tlog
c:\users\賢\documents\github\nkchackathon_5\game\debug\game.tlog\link.command.1.tlog
c:\users\賢\documents\github\nkchackathon_5\game\debug\game.tlog\link.read.1.tlog
c:\users\賢\documents\github\nkchackathon_5\game\debug\game.tlog\link.write.1.tlog
c:\users\賢\documents\github\nkchackathon_5\game\debug\game.tlog\rc.command.1.tlog
c:\users\賢\documents\github\nkchackathon_5\game\debug\game.tlog\rc.read.1.tlog
c:\users\賢\documents\github\nkchackathon_5\game\debug\game.tlog\rc.write.1.tlog
